INFO 2019-09-20 13:52:20,702 basehttp 124 "GET / HTTP/1.1" 200 39787
INFO 2019-09-20 13:52:20,727 basehttp 124 "GET /static/css/style.css HTTP/1.1" 304 0
INFO 2019-09-20 13:52:20,768 basehttp 124 "GET /static/images/index2.jpg HTTP/1.1" 200 1284178
INFO 2019-09-20 13:52:20,978 basehttp 124 "GET /static/images/index3.jpg HTTP/1.1" 200 829378
INFO 2019-09-20 13:52:20,991 basehttp 124 "GET /static/images/summary.jpg HTTP/1.1" 200 50186
INFO 2019-09-20 13:52:21,029 basehttp 124 "GET /static/images/index5.jpg HTTP/1.1" 200 1639941
INFO 2019-09-20 13:52:21,032 basehttp 124 "GET /static/images/index4.jpg HTTP/1.1" 200 2433060
INFO 2019-09-20 13:52:21,063 basehttp 124 "GET /static/images/nezha.jpg HTTP/1.1" 200 7419120
INFO 2019-09-20 13:52:32,409 basehttp 124 "GET /category/technique/ HTTP/1.1" 200 33418
INFO 2019-09-20 13:52:34,112 basehttp 124 "GET /article/mardown HTTP/1.1" 301 0
INFO 2019-09-20 13:52:35,473 basehttp 124 "GET /article/mardown/ HTTP/1.1" 200 70440
INFO 2019-09-20 13:53:35,889 basehttp 124 "GET /category/technique/ HTTP/1.1" 200 33418
INFO 2019-09-20 13:53:42,049 basehttp 124 "GET / HTTP/1.1" 200 39787
INFO 2019-09-20 13:54:49,302 basehttp 124 "GET /static/images/play.png HTTP/1.1" 200 5244
INFO 2019-09-20 13:55:06,763 basehttp 124 "GET /category/technique/ HTTP/1.1" 200 33418
INFO 2019-09-20 13:55:07,527 basehttp 124 "GET /category/message/ HTTP/1.1" 200 27761
INFO 2019-09-20 13:55:08,268 basehttp 124 "GET /category/about/ HTTP/1.1" 200 51076
INFO 2019-09-20 13:55:08,825 basehttp 124 "GET /category/message/ HTTP/1.1" 200 27761
INFO 2019-09-20 13:55:11,968 basehttp 124 "GET /category/donate/ HTTP/1.1" 200 33400
INFO 2019-09-20 13:55:12,109 basehttp 124 "GET /static/images/right2.jpg HTTP/1.1" 200 374601
WARNING 2019-09-20 13:55:12,120 base 152 Not Found: /category/static/images/weixin1.png
WARNING 2019-09-20 13:55:12,121 basehttp 124 "GET /category/static/images/weixin1.png HTTP/1.1" 404 1774
INFO 2019-09-20 13:55:13,387 basehttp 124 "GET /category/technique/ HTTP/1.1" 200 33418
INFO 2019-09-20 13:55:14,546 basehttp 124 "GET /article/first_blog_slug HTTP/1.1" 301 0
INFO 2019-09-20 13:55:14,624 basehttp 124 "GET /article/first_blog_slug/ HTTP/1.1" 200 69930
INFO 2019-09-20 13:55:34,819 basehttp 124 "GET /category/about/ HTTP/1.1" 200 51076
INFO 2019-09-20 13:56:02,249 basehttp 124 "GET /category/message/ HTTP/1.1" 200 27761
INFO 2019-09-20 13:56:04,367 basehttp 124 "GET /category/donate/ HTTP/1.1" 200 33400
WARNING 2019-09-20 13:56:04,508 base 152 Not Found: /category/static/images/weixin1.png
WARNING 2019-09-20 13:56:04,509 basehttp 124 "GET /category/static/images/weixin1.png HTTP/1.1" 404 1774
INFO 2019-09-20 13:56:43,337 basehttp 124 "GET /category/donate/ HTTP/1.1" 200 33400
INFO 2019-09-20 13:56:56,137 basehttp 124 "GET /category/exchange/ HTTP/1.1" 200 52644
INFO 2019-09-20 13:56:56,164 basehttp 124 "GET /static/images/1.jpg HTTP/1.1" 200 341052
INFO 2019-09-20 13:57:07,111 basehttp 124 "GET /category/project/ HTTP/1.1" 200 24476
WARNING 2019-09-20 13:57:07,138 basehttp 124 "GET /static/images/%E4%B8%AA%E4%BA%BA%E5%BE%AE%E4%BF%A1.jpg HTTP/1.1" 404 1706
INFO 2019-09-20 13:57:09,468 basehttp 124 "GET /category/life/ HTTP/1.1" 200 32016
INFO 2019-09-20 13:57:19,461 basehttp 124 "GET /category/life/ HTTP/1.1" 200 32016
INFO 2019-09-20 13:57:19,977 basehttp 124 "GET /static/images/picture.ico HTTP/1.1" 200 67646
INFO 2019-09-20 13:57:55,654 basehttp 124 "GET / HTTP/1.1" 200 39787
INFO 2019-09-20 14:05:38,873 basehttp 124 "GET / HTTP/1.1" 200 39787
INFO 2019-09-20 14:05:40,525 basehttp 124 "GET /static/images/picture.ico HTTP/1.1" 200 67646
INFO 2019-09-20 14:06:01,515 basehttp 124 "GET / HTTP/1.1" 200 39787
INFO 2019-09-20 14:06:02,391 basehttp 124 "GET /static/images/picture.ico HTTP/1.1" 200 67646
INFO 2019-09-20 14:06:12,524 basehttp 124 "GET /static/images/index4.jpg HTTP/1.1" 200 2433060
INFO 2019-09-20 14:06:12,533 basehttp 124 "GET /static/images/index3.jpg HTTP/1.1" 200 829378
INFO 2019-09-20 14:06:12,949 basehttp 124 "GET / HTTP/1.1" 200 39787
INFO 2019-09-20 14:06:13,034 basehttp 124 "GET /static/css/crayon.min.css HTTP/1.1" 200 20167
INFO 2019-09-20 14:06:13,064 basehttp 124 "GET /static/css/page-list.css HTTP/1.1" 200 705
INFO 2019-09-20 14:06:13,065 basehttp 124 "GET /static/css/monaco.css HTTP/1.1" 200 522
INFO 2019-09-20 14:06:13,065 basehttp 124 "GET /static/css/github.css HTTP/1.1" 200 2853
INFO 2019-09-20 14:06:13,066 basehttp 124 "GET /static/css/latex.min.css HTTP/1.1" 200 3063
INFO 2019-09-20 14:06:13,074 basehttp 124 "GET /static/font-awesome-4.7.0/css/font-awesome.min.css HTTP/1.1" 200 31000
INFO 2019-09-20 14:06:13,075 basehttp 124 "GET /static/css/style.css HTTP/1.1" 200 112370
INFO 2019-09-20 14:06:13,092 basehttp 124 "GET /static/css/nivo-slider.css HTTP/1.1" 200 2142
INFO 2019-09-20 14:06:13,092 basehttp 124 "GET /static/css/public.css HTTP/1.1" 200 2359
INFO 2019-09-20 14:06:13,094 basehttp 124 "GET /static/css/bar.css HTTP/1.1" 200 3462
INFO 2019-09-20 14:06:13,097 basehttp 124 "GET /static/js/jquery.min.js HTTP/1.1" 200 93636
INFO 2019-09-20 14:06:13,099 basehttp 124 "GET /static/js/crayon.min.js HTTP/1.1" 200 22337
INFO 2019-09-20 14:06:13,105 basehttp 124 "GET /static/js/jquery.fitvids.js HTTP/1.1" 200 3260
INFO 2019-09-20 14:06:13,113 basehttp 124 "GET /static/js/lightapp.js HTTP/1.1" 200 24629
INFO 2019-09-20 14:06:13,122 basehttp 124 "GET /static/js/main.js HTTP/1.1" 200 1977
INFO 2019-09-20 14:06:13,142 basehttp 124 "GET /static/images/index2.jpg HTTP/1.1" 200 1284178
INFO 2019-09-20 14:06:13,146 basehttp 124 "GET /static/images/index1.jpg HTTP/1.1" 200 341052
INFO 2019-09-20 14:06:13,398 basehttp 124 "GET /static/js/slider.js HTTP/1.1" 200 17759
INFO 2019-09-20 14:06:13,408 basehttp 124 "GET /static/js/jquery.nivo.slider.pack.js HTTP/1.1" 200 12321
INFO 2019-09-20 14:06:13,409 basehttp 124 "GET /static/js/wp-embed.min.js HTTP/1.1" 200 1398
INFO 2019-09-20 14:06:13,409 basehttp 124 "GET /static/js/jquery.js HTTP/1.1" 200 69310
INFO 2019-09-20 14:06:13,413 basehttp 124 "GET /static/js/s.js HTTP/1.1" 200 139498
INFO 2019-09-20 14:06:13,423 basehttp 124 "GET /static/images/summary.jpg HTTP/1.1" 200 50186
INFO 2019-09-20 14:06:13,427 basehttp 124 "GET /static/images/index5.jpg HTTP/1.1" 200 1639941
INFO 2019-09-20 14:06:13,439 basehttp 124 "GET /static/font-awesome-4.7.0/fonts/fontawesome-webfont.woff2?v=4.7.0 HTTP/1.1" 200 77160
INFO 2019-09-20 14:06:13,440 basehttp 124 "GET /static/images/get_2.gif HTTP/1.1" 200 231775
INFO 2019-09-20 14:06:13,452 basehttp 124 "GET /static/images/get_1.png HTTP/1.1" 200 26691
INFO 2019-09-20 14:06:13,470 basehttp 124 "GET /static/css/print.min.css HTTP/1.1" 200 1978
INFO 2019-09-20 14:06:13,472 basehttp 124 "GET /static/images/nezha.jpg HTTP/1.1" 200 7419120
WARNING 2019-09-20 14:06:13,951 basehttp 124 "GET /static/css/img/arrows.png HTTP/1.1" 404 1667
WARNING 2019-09-20 14:06:13,971 basehttp 124 "GET /static/css/img/pause.png HTTP/1.1" 404 1664
INFO 2019-09-20 14:06:14,134 basehttp 124 "GET /static/images/loading.gif HTTP/1.1" 200 1737
INFO 2019-09-20 14:06:14,916 basehttp 124 "GET /static/images/picture.ico HTTP/1.1" 200 67646
INFO 2019-09-20 14:06:18,418 basehttp 124 "GET /category/technique/ HTTP/1.1" 200 33418
INFO 2019-09-20 14:06:18,443 basehttp 124 "GET /static/css/style.css HTTP/1.1" 304 0
INFO 2019-09-20 14:06:46,321 basehttp 124 "GET /category/technique/ HTTP/1.1" 200 33418
INFO 2019-09-20 14:06:46,353 basehttp 124 "GET /static/css/style.css HTTP/1.1" 200 112059
INFO 2019-09-20 14:06:47,518 basehttp 124 "GET /static/images/picture.ico HTTP/1.1" 200 67646
INFO 2019-09-20 14:06:57,582 basehttp 124 "GET / HTTP/1.1" 200 39787
INFO 2019-09-20 14:06:57,604 basehttp 124 "GET /static/css/style.css HTTP/1.1" 304 0
INFO 2019-09-20 14:06:57,776 basehttp 124 "GET /static/images/arrows.png HTTP/1.1" 200 6856
INFO 2019-09-20 14:06:57,843 basehttp 124 "GET /static/images/pause.png HTTP/1.1" 200 4688
INFO 2019-09-20 14:07:20,846 basehttp 124 "GET /static/css/style.css HTTP/1.1" 304 0
INFO 2019-09-20 14:11:57,952 basehttp 124 "GET / HTTP/1.1" 200 39787
INFO 2019-09-20 14:11:58,022 basehttp 124 "GET /static/css/style.css HTTP/1.1" 304 0
INFO 2019-09-20 14:12:01,361 basehttp 124 "GET /static/images/picture.ico HTTP/1.1" 200 16958
INFO 2019-09-20 14:15:40,355 basehttp 124 "GET / HTTP/1.1" 200 39787
INFO 2019-09-20 14:15:40,466 basehttp 124 "GET /static/css/style.css HTTP/1.1" 304 0
INFO 2019-09-20 14:15:42,356 basehttp 124 "GET /static/images/picture.ico HTTP/1.1" 200 16958
INFO 2019-09-20 14:16:13,229 basehttp 124 "GET /article/first_blog_slug HTTP/1.1" 301 0
INFO 2019-09-20 14:16:14,662 basehttp 124 "GET /article/first_blog_slug/ HTTP/1.1" 200 70029
INFO 2019-09-20 14:18:13,781 basehttp 124 "GET / HTTP/1.1" 200 39366
INFO 2019-09-20 14:18:13,869 basehttp 124 "GET /static/highlights/github.css HTTP/1.1" 200 4016
INFO 2019-09-20 14:18:13,875 basehttp 124 "GET /static/css/style.css HTTP/1.1" 304 0
INFO 2019-09-20 14:18:15,637 basehttp 124 "GET /static/images/picture.ico HTTP/1.1" 200 16958
INFO 2019-09-20 14:18:19,182 basehttp 124 "GET /article/first_blog_slug/ HTTP/1.1" 200 69608
INFO 2019-09-20 14:18:20,150 basehttp 124 "GET /static/images/picture.ico HTTP/1.1" 200 16958
INFO 2019-09-20 14:19:19,501 basehttp 124 "GET /article/first_blog_slug/ HTTP/1.1" 200 69822
WARNING 2019-09-20 14:19:19,566 basehttp 124 "GET /static/images/%E4%B8%AA%E4%BA%BA%E5%BE%AE%E4%BF%A1.jpg HTTP/1.1" 404 1706
INFO 2019-09-20 14:19:19,571 basehttp 124 "GET /static/images/weixin.png HTTP/1.1" 200 32640
INFO 2019-09-20 14:19:20,567 basehttp 124 "GET /static/images/picture.ico HTTP/1.1" 200 16958
INFO 2019-09-20 14:19:28,184 basehttp 124 "GET / HTTP/1.1" 200 39580
INFO 2019-09-20 14:19:28,300 basehttp 124 "GET /static/css/style.css HTTP/1.1" 304 0
WARNING 2019-09-20 14:19:28,333 basehttp 124 "GET /static/images/%E4%B8%AA%E4%BA%BA%E5%BE%AE%E4%BF%A1.jpg HTTP/1.1" 404 1706
INFO 2019-09-20 14:19:29,598 basehttp 124 "GET /static/images/picture.ico HTTP/1.1" 200 16958
INFO 2019-09-20 14:21:54,062 basehttp 124 "GET / HTTP/1.1" 200 39796
INFO 2019-09-20 14:21:54,143 basehttp 124 "GET /static/css/style.css HTTP/1.1" 304 0
WARNING 2019-09-20 14:21:54,168 basehttp 124 "GET /static/images/%E4%B8%AA%E4%BA%BA%E5%BE%AE%E4%BF%A1.jpg HTTP/1.1" 404 1706
INFO 2019-09-20 14:21:56,111 basehttp 124 "GET /static/images/picture.ico HTTP/1.1" 200 16958
INFO 2019-09-20 14:25:07,204 basehttp 124 "GET / HTTP/1.1" 200 39796
INFO 2019-09-20 14:25:07,320 basehttp 124 "GET /static/css/style.css HTTP/1.1" 304 0
WARNING 2019-09-20 14:25:07,369 basehttp 124 "GET /static/images/%E4%B8%AA%E4%BA%BA%E5%BE%AE%E4%BF%A1.jpg HTTP/1.1" 404 1706
INFO 2019-09-20 14:26:20,076 basehttp 124 "GET / HTTP/1.1" 200 39796
WARNING 2019-09-20 14:26:20,409 basehttp 124 "GET /static/images/%E4%B8%AA%E4%BA%BA%E5%BE%AE%E4%BF%A1.jpg HTTP/1.1" 404 1706
INFO 2019-09-20 14:26:34,547 basehttp 124 "GET /article/life HTTP/1.1" 301 0
INFO 2019-09-20 14:26:34,839 basehttp 124 "GET /article/life/ HTTP/1.1" 200 70434
WARNING 2019-09-20 14:26:34,913 basehttp 124 "GET /static/images/%E4%B8%AA%E4%BA%BA%E5%BE%AE%E4%BF%A1.jpg HTTP/1.1" 404 1706
INFO 2019-09-20 14:42:24,317 basehttp 124 "GET /static/css/style.css HTTP/1.1" 304 0
INFO 2019-09-20 14:43:38,514 basehttp 124 "GET /static/images/index3.jpg HTTP/1.1" 200 829378
INFO 2019-09-20 14:43:38,524 basehttp 124 "GET /static/images/index4.jpg HTTP/1.1" 200 2433060
INFO 2019-09-20 14:43:41,394 basehttp 124 "GET / HTTP/1.1" 200 39997
INFO 2019-09-20 14:43:41,442 basehttp 124 "GET /static/css/crayon.min.css HTTP/1.1" 200 20167
INFO 2019-09-20 14:43:41,442 basehttp 124 "GET /static/css/monaco.css HTTP/1.1" 200 522
INFO 2019-09-20 14:43:41,448 basehttp 124 "GET /static/css/github.css HTTP/1.1" 200 2853
INFO 2019-09-20 14:43:41,451 basehttp 124 "GET /static/css/page-list.css HTTP/1.1" 200 705
INFO 2019-09-20 14:43:41,454 basehttp 124 "GET /static/css/latex.min.css HTTP/1.1" 200 3063
INFO 2019-09-20 14:43:41,455 basehttp 124 "GET /static/css/style.css HTTP/1.1" 200 112059
INFO 2019-09-20 14:43:41,459 basehttp 124 "GET /static/font-awesome-4.7.0/css/font-awesome.min.css HTTP/1.1" 200 31000
INFO 2019-09-20 14:43:41,460 basehttp 124 "GET /static/highlights/github.css HTTP/1.1" 200 4016
INFO 2019-09-20 14:43:41,474 basehttp 124 "GET /static/css/nivo-slider.css HTTP/1.1" 200 2142
INFO 2019-09-20 14:43:41,476 basehttp 124 "GET /static/css/public.css HTTP/1.1" 200 2359
INFO 2019-09-20 14:43:41,480 basehttp 124 "GET /static/css/bar.css HTTP/1.1" 200 3462
INFO 2019-09-20 14:43:41,490 basehttp 124 "GET /static/js/crayon.min.js HTTP/1.1" 200 22337
INFO 2019-09-20 14:43:41,496 basehttp 124 "GET /static/js/jquery.min.js HTTP/1.1" 200 93636
INFO 2019-09-20 14:43:41,501 basehttp 124 "GET /static/js/jquery.fitvids.js HTTP/1.1" 200 3260
INFO 2019-09-20 14:43:41,505 basehttp 124 "GET /static/js/lightapp.js HTTP/1.1" 200 24629
INFO 2019-09-20 14:43:41,505 basehttp 124 "GET /static/js/main.js HTTP/1.1" 200 1977
INFO 2019-09-20 14:43:41,519 basehttp 124 "GET /static/images/index1.jpg HTTP/1.1" 200 341052
INFO 2019-09-20 14:43:41,528 basehttp 124 "GET /static/images/index2.jpg HTTP/1.1" 200 1284178
INFO 2019-09-20 14:43:41,780 basehttp 124 "GET /static/js/slider.js HTTP/1.1" 200 17759
INFO 2019-09-20 14:43:41,793 basehttp 124 "GET /static/js/wp-embed.min.js HTTP/1.1" 200 1398
INFO 2019-09-20 14:43:41,802 basehttp 124 "GET /static/js/jquery.js HTTP/1.1" 200 69310
INFO 2019-09-20 14:43:41,803 basehttp 124 "GET /static/js/jquery.nivo.slider.pack.js HTTP/1.1" 200 12321
INFO 2019-09-20 14:43:41,804 basehttp 124 "GET /static/js/s.js HTTP/1.1" 200 139498
INFO 2019-09-20 14:43:41,844 basehttp 124 "GET /static/images/index5.jpg HTTP/1.1" 200 1639941
INFO 2019-09-20 14:43:41,860 basehttp 124 "GET /static/images/summary.jpg HTTP/1.1" 200 50186
WARNING 2019-09-20 14:43:41,879 basehttp 124 "GET /static/images/%E4%B8%AA%E4%BA%BA%E5%BE%AE%E4%BF%A1.jpg HTTP/1.1" 404 1706
INFO 2019-09-20 14:43:41,880 basehttp 124 "GET /static/css/print.min.css HTTP/1.1" 200 1978
WARNING 2019-09-20 14:43:41,880 basehttp 124 "GET /static/images/weixin.png HTTP/1.1" 404 1664
INFO 2019-09-20 14:43:41,882 basehttp 124 "GET /static/font-awesome-4.7.0/fonts/fontawesome-webfont.woff2?v=4.7.0 HTTP/1.1" 200 77160
INFO 2019-09-20 14:43:41,918 basehttp 124 "GET /static/images/nezha.jpg HTTP/1.1" 200 7419120
INFO 2019-09-20 14:43:42,406 basehttp 124 "GET /static/images/arrows.png HTTP/1.1" 200 6856
INFO 2019-09-20 14:43:42,432 basehttp 124 "GET /static/images/pause.png HTTP/1.1" 200 4688
INFO 2019-09-20 14:43:42,555 basehttp 124 "GET /static/images/loading.gif HTTP/1.1" 200 1737
INFO 2019-09-20 14:43:43,684 basehttp 124 "GET /static/images/picture.ico HTTP/1.1" 200 67646
INFO 2019-09-20 14:45:06,307 basehttp 124 "GET / HTTP/1.1" 200 39271
INFO 2019-09-20 14:45:06,340 basehttp 124 "GET /static/images/get_1.png HTTP/1.1" 200 26691
INFO 2019-09-20 14:45:06,357 basehttp 124 "GET /static/images/get_2.gif HTTP/1.1" 200 231775
INFO 2019-09-20 14:45:07,918 basehttp 124 "GET /static/images/picture.ico HTTP/1.1" 200 67646
INFO 2019-09-20 14:46:15,257 basehttp 124 "GET / HTTP/1.1" 200 39562
INFO 2019-09-20 14:46:15,341 basehttp 124 "GET /static/highlights/monokai.css HTTP/1.1" 200 4048
INFO 2019-09-20 14:46:18,109 basehttp 124 "GET /static/images/picture.ico HTTP/1.1" 200 67646
INFO 2019-09-20 14:47:10,025 basehttp 124 "GET / HTTP/1.1" 200 39562
INFO 2019-09-20 14:47:11,387 basehttp 124 "GET /static/images/picture.ico HTTP/1.1" 200 67646
INFO 2019-09-20 14:47:34,785 basehttp 124 "GET /article/life HTTP/1.1" 301 0
INFO 2019-09-20 14:47:34,922 basehttp 124 "GET /article/life/ HTTP/1.1" 200 69911
INFO 2019-09-20 14:47:34,949 basehttp 124 "GET /static/css/style.css HTTP/1.1" 304 0
INFO 2019-09-20 14:47:42,213 basehttp 124 "GET /article/mardown HTTP/1.1" 301 0
INFO 2019-09-20 14:47:42,407 basehttp 124 "GET /article/mardown/ HTTP/1.1" 200 69809
INFO 2019-09-20 14:47:56,950 basehttp 124 "GET /admin HTTP/1.1" 301 0
INFO 2019-09-20 14:47:57,100 basehttp 124 "GET /admin/ HTTP/1.1" 200 4159
INFO 2019-09-20 14:47:57,167 basehttp 124 "GET /static/xadmin/css/themes/bootstrap-xadmin.css HTTP/1.1" 200 1888
INFO 2019-09-20 14:47:57,168 basehttp 124 "GET /static/xadmin/vendor/font-awesome/css/font-awesome.css HTTP/1.1" 200 21658
INFO 2019-09-20 14:47:57,171 basehttp 124 "GET /static/xadmin/css/xadmin.main.css HTTP/1.1" 200 8324
INFO 2019-09-20 14:47:57,188 basehttp 124 "GET /static/xadmin/css/xadmin.plugins.css HTTP/1.1" 200 175
INFO 2019-09-20 14:47:57,190 basehttp 124 "GET /static/xadmin/css/xadmin.responsive.css HTTP/1.1" 200 4361
INFO 2019-09-20 14:47:57,193 basehttp 124 "GET /static/xadmin/vendor/bootstrap/css/bootstrap.css HTTP/1.1" 200 126432
INFO 2019-09-20 14:47:57,195 basehttp 124 "GET /static/xadmin/vendor/jquery/jquery.js HTTP/1.1" 200 240196
INFO 2019-09-20 14:47:57,203 basehttp 124 "GET /static/xadmin/vendor/jquery-ui/jquery.ui.core.js HTTP/1.1" 200 8195
INFO 2019-09-20 14:47:57,205 basehttp 124 "GET /static/xadmin/vendor/jquery-ui/jquery.ui.widget.js HTTP/1.1" 200 15069
INFO 2019-09-20 14:47:57,233 basehttp 124 "GET /static/xadmin/vendor/jquery-ui/jquery.ui.mouse.js HTTP/1.1" 200 4561
INFO 2019-09-20 14:47:57,247 basehttp 124 "GET /static/xadmin/vendor/bootstrap/js/bootstrap.js HTTP/1.1" 200 58327
INFO 2019-09-20 14:47:57,247 basehttp 124 "GET /static/xadmin/vendor/jquery-ui/jquery.ui.sortable.js HTTP/1.1" 200 42543
INFO 2019-09-20 14:47:57,252 basehttp 124 "GET /static/xadmin/js/xadmin.main.js HTTP/1.1" 200 3401
INFO 2019-09-20 14:47:57,275 basehttp 124 "GET /static/xadmin/js/xadmin.responsive.js HTTP/1.1" 200 4165
INFO 2019-09-20 14:47:57,287 basehttp 124 "GET /admin/jsi18n/ HTTP/1.1" 200 4166
INFO 2019-09-20 14:47:57,556 basehttp 124 "GET /static/xadmin/vendor/font-awesome/fonts/fontawesome-webfont.woff?v=4.0.3 HTTP/1.1" 200 44432
WARNING 2019-09-20 14:47:57,669 base 152 Not Found: /favicon.ico
WARNING 2019-09-20 14:47:57,671 basehttp 124 "GET /favicon.ico HTTP/1.1" 404 5408
INFO 2019-09-20 14:48:00,767 basehttp 124 "POST /admin/ HTTP/1.1" 200 4396
INFO 2019-09-20 14:48:00,854 basehttp 124 "GET /admin/jsi18n/ HTTP/1.1" 200 4166
INFO 2019-09-20 14:48:03,775 basehttp 124 "POST /admin/ HTTP/1.1" 302 0
INFO 2019-09-20 14:48:03,831 basehttp 124 "GET /admin/ HTTP/1.1" 200 12653
INFO 2019-09-20 14:48:03,858 basehttp 124 "GET /static/xadmin/css/xadmin.page.dashboard.css HTTP/1.1" 200 790
INFO 2019-09-20 14:48:03,876 basehttp 124 "GET /static/xadmin/js/xadmin.page.dashboard.js HTTP/1.1" 200 3208
INFO 2019-09-20 14:48:03,883 basehttp 124 "GET /static/xadmin/js/xadmin.plugin.portal.js HTTP/1.1" 200 1000
INFO 2019-09-20 14:48:03,892 basehttp 124 "GET /admin/jsi18n/ HTTP/1.1" 200 4753
INFO 2019-09-20 14:48:06,038 basehttp 124 "GET /admin/storm/article/ HTTP/1.1" 200 35812
INFO 2019-09-20 14:48:06,112 basehttp 124 "GET /static/xadmin/vendor/bootstrap-datepicker/css/datepicker.css HTTP/1.1" 200 10225
INFO 2019-09-20 14:48:06,113 basehttp 124 "GET /static/xadmin/css/xadmin.form.css HTTP/1.1" 200 3763
INFO 2019-09-20 14:48:06,118 basehttp 124 "GET /static/xadmin/js/xadmin.plugin.bookmark.js HTTP/1.1" 200 529
INFO 2019-09-20 14:48:06,125 basehttp 124 "GET /static/xadmin/js/xadmin.plugin.details.js HTTP/1.1" 200 2319
INFO 2019-09-20 14:48:06,135 basehttp 124 "GET /static/xadmin/js/xadmin.widget.datetime.js HTTP/1.1" 200 2979
INFO 2019-09-20 14:48:06,140 basehttp 124 "GET /static/xadmin/vendor/bootstrap-datepicker/js/bootstrap-datepicker.js HTTP/1.1" 200 32656
INFO 2019-09-20 14:48:06,147 basehttp 124 "GET /static/xadmin/js/xadmin.plugin.filters.js HTTP/1.1" 200 1990
INFO 2019-09-20 14:48:06,153 basehttp 124 "GET /static/xadmin/js/xadmin.plugin.actions.js HTTP/1.1" 200 4198
INFO 2019-09-20 14:48:06,153 basehttp 124 "GET /admin/jsi18n/ HTTP/1.1" 200 4753
INFO 2019-09-20 14:48:06,157 basehttp 124 "GET /static/xadmin/js/xadmin.page.list.js HTTP/1.1" 200 1105
INFO 2019-09-20 14:48:06,163 basehttp 124 "GET /static/xadmin/js/xadmin.page.form.js HTTP/1.1" 200 1948
INFO 2019-09-20 14:48:09,800 basehttp 124 "GET /admin/storm/article/2/update/ HTTP/1.1" 200 21388
INFO 2019-09-20 14:48:09,882 basehttp 124 "GET /static/xadmin/vendor/selectize/selectize.css HTTP/1.1" 200 8425
INFO 2019-09-20 14:48:09,884 basehttp 124 "GET /static/xadmin/vendor/selectize/selectize.bootstrap3.css HTTP/1.1" 200 10602
INFO 2019-09-20 14:48:09,884 basehttp 124 "GET /static/xadmin/vendor/select2/select2.css HTTP/1.1" 200 19226
INFO 2019-09-20 14:48:09,889 basehttp 124 "GET /static/xadmin/vendor/selectize/selectize.js HTTP/1.1" 200 98602
INFO 2019-09-20 14:48:09,896 basehttp 124 "GET /static/xadmin/vendor/select2/select2_locale_zh-hans.js HTTP/1.1" 200 694
INFO 2019-09-20 14:48:09,897 basehttp 124 "GET /static/xadmin/js/xadmin.widget.select.js HTTP/1.1" 200 1344
INFO 2019-09-20 14:48:09,901 basehttp 124 "GET /static/xadmin/js/xadmin.plugin.quick-form.js HTTP/1.1" 200 7546
INFO 2019-09-20 14:48:09,923 basehttp 124 "GET /static/xadmin/vendor/select2/select2.js HTTP/1.1" 200 104906
INFO 2019-09-20 14:48:09,931 basehttp 124 "GET /admin/jsi18n/ HTTP/1.1" 200 4753
INFO 2019-09-20 14:48:14,677 basehttp 124 "GET /admin/storm/article/ HTTP/1.1" 200 35812
INFO 2019-09-20 14:48:26,105 basehttp 124 "GET / HTTP/1.1" 200 39562
INFO 2019-09-20 14:50:37,804 basehttp 124 "GET / HTTP/1.1" 200 39562
INFO 2019-09-20 14:50:39,591 basehttp 124 "GET /static/images/picture.ico HTTP/1.1" 200 67646
